2026-05-18 00:13:55,592 - Iniciando coleta de dados...
2026-05-18 00:13:56,855 - Página 1 coletada
2026-05-18 00:13:57,956 - Página 2 coletada
2026-05-18 00:13:58,924 - Página 3 coletada
2026-05-18 00:13:59,832 - Total: 72 animes salvos
2026-05-18 00:13:59,867 - Arquivo animes.xlsx gerado com sucesso
2026-05-18 00:14:36,521 - Iniciando coleta de dados...
2026-05-18 00:14:40,278 - Página 4 coletada
2026-05-18 00:14:40,278 - Total: 72 animes salvos
2026-05-18 00:14:40,299 - Arquivo animes.xlsx gerado com sucesso
2026-05-18 00:15:14,619 - Iniciando coleta de dados...
2026-05-18 00:15:18,399 - 4 Páginas coletadas
2026-05-18 00:15:18,399 - Total: 72 animes salvos
2026-05-18 00:15:18,422 - Arquivo animes.xlsx gerado com sucesso
2026-05-18 00:24:51,922 - Iniciando coleta de dados...
2026-05-18 00:24:55,694 - 4 Páginas coletadas
2026-05-18 00:24:55,694 - Total: 72 animes salvos
2026-05-18 00:24:55,716 - Arquivo animes.xlsx gerado com sucesso
2026-05-18 00:24:59,587 - Email enviado com sucesso!
2026-05-18 00:42:29,271 - Página 1 coletada - 25 animes
2026-05-18 00:42:30,254 - Página 2 coletada - 25 animes
2026-05-18 00:42:31,237 - Página 3 coletada - 25 animes
2026-05-18 00:42:32,025 - Página 4 coletada - 6 animes
2026-05-18 00:42:32,025 - 4 Páginas coletadas
2026-05-18 00:42:32,025 - Total: 72 animes salvos
2026-05-18 00:42:32,059 - Arquivo animes.xlsx gerado com sucesso!
2026-05-18 00:42:35,895 - Email enviado com sucesso!
2026-05-18 00:46:18,777 - Página 1 coletada - 25 animes
2026-05-18 00:46:19,744 - Página 2 coletada - 25 animes
2026-05-18 00:46:20,716 - Página 3 coletada - 25 animes
2026-05-18 00:46:21,543 - Página 4 coletada - 6 animes
2026-05-18 00:46:21,543 - 4 Páginas coletadas
2026-05-18 00:46:21,543 - Total: 72 animes salvos
2026-05-18 00:46:21,574 - Arquivo animes.xlsx gerado com sucesso!
2026-05-18 00:46:25,448 - Email enviado com sucesso!
